<?xml version="1.0" encoding="UTF-8"?>
<!-- Generated by org.testng.reporters.JUnitXMLReporter -->
<testsuite hostname="DESKTOP-096CPVM" ignored="0" name="Default test" tests="2" failures="0" timestamp="2020-02-16T22:45:26 IST" time="315.222" errors="0">
  <testcase name="UserDetailsTest" time="31.972" classname="com.training.regression.tests.TC067UserDetails"/>
  <testcase name="UserDetailsTest" time="59.207" classname="com.training.regression.tests.TC067UserDetails"/>
</testsuite> <!-- Default test -->
