<?xml version="1.0" encoding="UTF-8"?>
<!-- Generated by org.testng.reporters.JUnitXMLReporter -->
<testsuite hostname="DESKTOP-096CPVM" ignored="0" name="Default test" tests="2" failures="0" timestamp="2020-02-09T14:52:13 IST" time="266.947" errors="0">
  <testcase name="publishNewComment" time="21.239" classname="com.training.sanity.tests.McreateComment"/>
  <testcase name="loginadmin" time="12.875" classname="com.training.sanity.tests.McreateComment"/>
</testsuite> <!-- Default test -->
